current directory: /home/deploy/AdminFour/shared/bundle/ruby/3.0.0/gems/therubyracer-0.12.3/ext/v8
/usr/share/rvm/rubies/ruby-3.0.0/bin/ruby -I /usr/share/rvm/rubies/ruby-3.0.0/lib/ruby/3.0.0 -r ./siteconf20220707-96513-2fidy5.rb extconf.rb
checking for -lpthread... yes
creating Makefile

current directory: /home/deploy/AdminFour/shared/bundle/ruby/3.0.0/gems/therubyracer-0.12.3/ext/v8
make "DESTDIR=" clean

current directory: /home/deploy/AdminFour/shared/bundle/ruby/3.0.0/gems/therubyracer-0.12.3/ext/v8
make "DESTDIR="
compiling accessor.cc
compiling array.cc
compiling backref.cc
compiling constants.cc
compiling constraints.cc
compiling context.cc
compiling date.cc
compiling exception.cc
compiling external.cc
compiling function.cc
compiling gc.cc
compiling handles.cc
compiling heap.cc
compiling init.cc
init.cc: In function ‘void Init_init()’:
init.cc:11:20: warning: empty parentheses were disambiguated as a function declaration [-Wvexing-parse]
   11 |     v8::Locker lock();
      |                    ^~
init.cc:11:20: note: remove parentheses to default-initialize a variable
   11 |     v8::Locker lock();
      |                    ^~
      |                    --
init.cc:11:20: note: or replace parentheses with braces to value-initialize a variable
compiling invocation.cc
compiling locker.cc
compiling message.cc
compiling object.cc
compiling primitive.cc
compiling rr.cc
compiling script.cc
compiling signature.cc
compiling stack.cc
compiling string.cc
compiling template.cc
compiling trycatch.cc
compiling v8.cc
compiling value.cc
linking shared-object v8/init.so

current directory: /home/deploy/AdminFour/shared/bundle/ruby/3.0.0/gems/therubyracer-0.12.3/ext/v8
make "DESTDIR=" install
/usr/bin/install -c -m 0755 init.so ./.gem.20220707-96513-yo0dlz/v8
